Arguments: 
  /Users/mettrrltd/.nvm/versions/node/v8.0.0/bin/node /usr/local/bin/yarn install

PATH: 
  /Users/mettrrltd/.rvm/gems/ruby-2.4.0/bin:/Users/mettrrltd/.rvm/gems/ruby-2.4.0@global/bin:/Users/mettrrltd/.rvm/rubies/ruby-2.4.0/bin:/Library/Frameworks/Python.framework/Versions/3.4/bin:/Users/mettrrltd/.nvm/versions/node/v8.0.0/bin:/usr/local/bin:/usr/bin:/bin:/usr/sbin:/sbin:/Users/mettrrltd/.rvm/bin:/Users/mettrrltd/.rvm/bin

Yarn version: 
  0.27.5

Node version: 
  8.0.0

Platform: 
  darwin x64

npm manifest: 
  {
    "name": "learning-nuxt",
    "version": "1.0.0",
    "description": "Nuxt.js project",
    "author": "marua <marua_elba@hotmail.it>",
    "private": true,
    "scripts": {
      "dev": "nuxt",
      "build": "nuxt build",
      "start": "nuxt start",
      "generate": "nuxt generate",
      "lint": "eslint --ext .js,.vue --ignore-path .gitignore .",
      "precommit": "npm run lint"
    },
    "dependencies": {
      "nuxt": "^1.0.0"
    },
    "devDependencies": {
      "babel-eslint": "^8.2.1",
      "css-loader": "^0.28.11",
      "eslint": "^4.15.0",
      "eslint-friendly-formatter": "^3.0.0",
      "eslint-loader": "^1.7.1",
      "eslint-plugin-vue": "^4.0.0",
      "node-sass": "^4.9.0",
      "sass-loader": "^7.0.3"
    }
  }

yarn manifest: 
  No manifest

Lockfile: 
  No lockfile

Trace: 
  Error: https://registry.yarnpkg.com/jsesc/-/jsesc-2.5.1.tgz: Request failed "500 Internal Server Error"
      at Request.handleRequestError (/usr/local/lib/node_modules/yarn/lib/fetchers/tarball-fetcher.js:203:20)
      at emitOne (events.js:115:13)
      at Request.emit (events.js:210:7)
      at Request.onRequestResponse (/usr/local/lib/node_modules/yarn/node_modules/request/request.js:1074:10)
      at emitOne (events.js:115:13)
      at ClientRequest.emit (events.js:210:7)
      at HTTPParser.parserOnIncomingClient (_http_client.js:563:21)
      at HTTPParser.parserOnHeadersComplete (_http_common.js:116:23)
      at TLSSocket.socketOnData (_http_client.js:452:20)
      at emitOne (events.js:115:13)
      at TLSSocket.emit (events.js:210:7)
